#
# A fatal error has been detected by the Java Runtime Environment:
#
#  EXCEPTION_ACCESS_VIOLATION (0xc0000005) at pc=0x00007ffa0f3e436f, pid=6296, tid=7156
#
# JRE version: OpenJDK Runtime Environment Temurin-17.0.7+7 (17.0.7+7) (build 17.0.7+7)
# Java VM: OpenJDK 64-Bit Server VM Temurin-17.0.7+7 (17.0.7+7, mixed mode, tiered, compressed oops, compressed class ptrs, parallel gc, windows-amd64)
# Problematic frame:
# V  [jvm.dll+0x65436f]
#
# No core dump will be written. Minidumps are not enabled by default on client versions of Windows
#
# If you would like to submit a bug report, please visit:
#   https://github.com/adoptium/adoptium-support/issues
#

---------------  S U M M A R Y ------------

Command Line: --add-modules=ALL-SYSTEM --add-opens=java.base/java.util=ALL-UNNAMED --add-opens=java.base/java.lang=ALL-UNNAMED --add-opens=java.base/sun.nio.fs=ALL-UNNAMED -Declipse.application=org.eclipse.jdt.ls.core.id1 -Dosgi.bundles.defaultStartLevel=4 -Declipse.product=org.eclipse.jdt.ls.core.product -Djava.import.generatesMetadataFilesAtProjectRoot=false -Dfile.encoding=utf8 -XX:+UseParallelGC -XX:GCTimeRatio=4 -XX:AdaptiveSizePolicyWeight=90 -Dsun.zip.disableMemoryMapping=true -Xmx1G -Xms100m -Xlog:disable -javaagent:c:\Users\Vicky\.vscode\extensions\redhat.java-1.19.0-win32-x64\lombok\lombok-1.18.28.jar -XX:+HeapDumpOnOutOfMemoryError -XX:HeapDumpPath=c:\Users\Vicky\AppData\Roaming\Code\User\workspaceStorage\40419dba1bebafe86828993372540b28\redhat.java -Daether.dependencyCollector.impl=bf c:\Users\Vicky\.vscode\extensions\redhat.java-1.19.0-win32-x64\server\plugins\org.eclipse.equinox.launcher_1.6.400.v20210924-0641.jar -configuration c:\Users\Vicky\AppData\Roaming\Code\User\globalStorage\redhat.java\1.19.0\config_win -data c:\Users\Vicky\AppData\Roaming\Code\User\workspaceStorage\40419dba1bebafe86828993372540b28\redhat.java\jdt_ws

Host: Intel(R) Core(TM) i7-2620M CPU @ 2.70GHz, 4 cores, 3G,  Windows 10 , 64 bit Build 14393 (10.0.14393.0)
Time: Fri Jun  9 13:31:27 2023 India Standard Time elapsed time: 3149.237210 seconds (0d 0h 52m 29s)

---------------  T H R E A D  ---------------

Current thread (0x000001bdae5b3a70):  JavaThread "C2 CompilerThread0" daemon [_thread_in_native, id=7156, stack(0x0000004b29e00000,0x0000004b29f00000)]


Current CompileTask:
C2:3149237 19135  s!   4       org.eclipse.jdt.core.dom.DefaultBindingResolver::resolveName (1727 bytes)

Stack: [0x0000004b29e00000,0x0000004b29f00000],  sp=0x0000004b29efb800,  free space=1006k
Native frames: (J=compiled Java code, j=interpreted, Vv=VM code, C=native code)
V  [jvm.dll+0x65436f]
V  [jvm.dll+0x6a1fd7]
V  [jvm.dll+0x6a18fb]
V  [jvm.dll+0x1bceb4]
V  [jvm.dll+0x219799]
V  [jvm.dll+0x218a61]
V  [jvm.dll+0x1a4d8d]
V  [jvm.dll+0x2284da]
V  [jvm.dll+0x226615]
V  [jvm.dll+0x7ea90b]
V  [jvm.dll+0x7e4e7a]
V  [jvm.dll+0x676395]
C  [ucrtbase.dll+0x1cab0]
C  [KERNEL32.DLL+0x8364]
C  [ntdll.dll+0x65e91]


siginfo: EXCEPTION_ACCESS_VIOLATION (0xc0000005), reading address 0x0000000000000410


Register to memory mapping:

RIP=0x00007ffa0f3e436f jvm.dll
RAX=0x000001bdc24a39f8 points into unknown readable memory: 0x0000000000000000 | 00 00 00 00 00 00 00 00
RBX=0x000001bdc24a3990 points into unknown readable memory: 0x00007ffa0f6bf908 | 08 f9 6b 0f fa 7f 00 00
RCX=0x0 is NULL
RDX=0x0000000000000400 is an unknown value
RSP=0x0000004b29efb800 is pointing into the stack for thread: 0x000001bdae5b3a70
RBP=0x0000004b29efe840 is pointing into the stack for thread: 0x000001bdae5b3a70
RSI=0x000001bdc24a2470 points into unknown readable memory: 0x00007ffa0f6bf908 | 08 f9 6b 0f fa 7f 00 00
RDI=0x0000000000000002 is an unknown value
R8 =0x0 is NULL
R9 =0x000001bdc24a3a00 points into unknown readable memory: 0x0000000000000000 | 00 00 00 00 00 00 00 00
R10=0x000001bdb5d150c8 points into unknown readable memory: 0x00007ffa0f6bf908 | 08 f9 6b 0f fa 7f 00 00
R11=0x000001bdb5d14fc8 points into unknown readable memory: 0x000001bdb9558cb8 | b8 8c 55 b9 bd 01 00 00
R12=0x0000000000000001 is an unknown value
R13=0x000001bdae5b2110 points into unknown readable memory: 0x000001bdae577a70 | 70 7a 57 ae bd 01 00 00
R14=0x0000004b29efbef0 is pointing into the stack for thread: 0x000001bdae5b3a70
R15=0x000001bdb8e457f0 points into unknown readable memory: 0x000001bdae58e5a0 | a0 e5 58 ae bd 01 00 00


Registers:
RAX=0x000001bdc24a39f8, RBX=0x000001bdc24a3990, RCX=0x0000000000000000, RDX=0x0000000000000400
RSP=0x0000004b29efb800, RBP=0x0000004b29efe840, RSI=0x000001bdc24a2470, RDI=0x0000000000000002
R8 =0x0000000000000000, R9 =0x000001bdc24a3a00, R10=0x000001bdb5d150c8, R11=0x000001bdb5d14fc8
R12=0x0000000000000001, R13=0x000001bdae5b2110, R14=0x0000004b29efbef0, R15=0x000001bdb8e457f0
RIP=0x00007ffa0f3e436f, EFLAGS=0x0000000000010206

Top of Stack: (sp=0x0000004b29efb800)
0x0000004b29efb800:   000001bdb92c81e0 00007ffa0eeb00e9
0x0000004b29efb810:   000001bdb92c81e0 0000004b29efbef0
0x0000004b29efb820:   000001bdc24a3990 000001bdb8e443c0
0x0000004b29efb830:   0000000000000002 00007ffa0f431fd7
0x0000004b29efb840:   000001bdc24a2470 0000004b29efbef0
0x0000004b29efb850:   000001bdb8e457f0 000001bdb92c81e0
0x0000004b29efb860:   000001bdb8e457f0 000001bdb8e443c0
0x0000004b29efb870:   000001bdb8e443c0 0000000000000269
0x0000004b29efb880:   000001bdb8e457f0 000000000000157d
0x0000004b29efb890:   000001bdc24a3990 0000004b29efbef0
0x0000004b29efb8a0:   0000000000000269 00007ffa0f4318fb
0x0000004b29efb8b0:   0000000000000268 000001bdb8e457f0
0x0000004b29efb8c0:   000001bdc24a3990 000001bdb92c81e0
0x0000004b29efb8d0:   000001bdb8e457f0 000001bdb8e443c0
0x0000004b29efb8e0:   0000000000000201 0000000000000266
0x0000004b29efb8f0:   000001bdc24a3990 000001bdb8e443c0 

Instructions: (pc=0x00007ffa0f3e436f)
0x00007ffa0f3e426f:   8b 48 28 48 8b 01 48 8b 5c 24 58 48 8b 6c 24 60
0x00007ffa0f3e427f:   48 8b 74 24 68 48 83 c4 20 41 5f 41 5e 41 5d 41
0x00007ffa0f3e428f:   5c 5f 48 ff a0 b8 00 00 00 cc cc cc cc cc cc cc
0x00007ffa0f3e429f:   cc 40 53 55 57 48 83 ec 20 8b 41 18 48 8b ea 4c
0x00007ffa0f3e42af:   89 74 24 48 48 8b d9 45 33 f6 41 8b fe 85 c0 0f
0x00007ffa0f3e42bf:   84 89 00 00 00 44 8b 05 ed 66 55 00 65 48 8b 04
0x00007ffa0f3e42cf:   25 58 00 00 00 48 89 74 24 40 4c 89 7c 24 50 41
0x00007ffa0f3e42df:   bf 50 00 00 00 4a 8d 34 c0 0f 1f 84 00 00 00 00
0x00007ffa0f3e42ef:   00 48 8b 43 08 8b cf 4c 8d 0c c8 48 8b 0c c8 48
0x00007ffa0f3e42ff:   85 c9 74 37 4c 8b 41 10 4d 85 c0 74 1d 8b 41 20
0x00007ffa0f3e430f:   49 8d 14 c0 48 39 5a f8 48 8d 52 f8 75 f6 ff c8
0x00007ffa0f3e431f:   89 41 20 49 8b 0c c0 48 89 0a 48 8b 06 4d 89 31
0x00007ffa0f3e432f:   45 38 34 07 75 05 e8 46 ac 23 00 8b 43 18 ff c7
0x00007ffa0f3e433f:   3b f8 72 ad 4c 8b 7c 24 50 48 8b 74 24 40 8b 7b
0x00007ffa0f3e434f:   1c 4c 8b 74 24 48 3b f8 76 4c 0f 1f 80 00 00 00
0x00007ffa0f3e435f:   00 48 8b 43 08 ff cf 48 8b 14 f8 48 85 d2 74 31
0x00007ffa0f3e436f:   4c 8b 42 10 4d 85 c0 74 1e 8b 4a 20 49 8d 04 c8
0x00007ffa0f3e437f:   90 48 39 58 f8 48 8d 40 f8 75 f6 ff c9 89 4a 20
0x00007ffa0f3e438f:   49 8b 14 c8 48 89 10 8b d7 48 8b cb e8 d0 f8 ff
0x00007ffa0f3e439f:   ff 3b 7b 18 77 bb 8b 53 28 48 8b cd 48 83 c4 20
0x00007ffa0f3e43af:   5f 5d 5b e9 d9 f2 bc ff cc cc cc cc cc cc cc cc
0x00007ffa0f3e43bf:   cc 48 89 5c 24 10 48 89 6c 24 18 48 89 74 24 20
0x00007ffa0f3e43cf:   57 41 54 41 55 41 56 41 57 48 83 ec 20 44 8b 3d
0x00007ffa0f3e43df:   c5 c1 4a 00 49 8b e8 41 c7 40 18 00 00 00 00 48
0x00007ffa0f3e43ef:   8b fa 45 8b 40 08 4c 8b e9 48 8b f2 48 89 54 24
0x00007ffa0f3e43ff:   50 48 8b 4d 10 33 d2 49 c1 e0 03 45 32 e4 e8 40
0x00007ffa0f3e440f:   bd 23 00 48 85 f6 0f 84 11 02 00 00 0f 1f 44 00
0x00007ffa0f3e441f:   00 48 83 7f 10 00 0f 84 01 02 00 00 49 3b fd 75
0x00007ffa0f3e442f:   1d 83 7d 18 00 0f 84 11 02 00 00 45 84 e4 0f 85
0x00007ffa0f3e443f:   e9 01 00 00 44 8b 3d 5e c1 4a 00 41 b4 01 8b 4f
0x00007ffa0f3e444f:   2c 8b c1 83 e0 0f 3c 09 0f 84 f2 01 00 00 80 f9
0x00007ffa0f3e445f:   e0 0f 84 e9 01 00 00 48 8b 5f 08 48 8b 1b 48 85 


Stack slot to memory mapping:
stack at sp + 0 slots: 0x000001bdb92c81e0 points into unknown readable memory: 0x00007ffa0f6ab3c0 | c0 b3 6a 0f fa 7f 00 00
stack at sp + 1 slots: 0x00007ffa0eeb00e9 jvm.dll
stack at sp + 2 slots: 0x000001bdb92c81e0 points into unknown readable memory: 0x00007ffa0f6ab3c0 | c0 b3 6a 0f fa 7f 00 00
stack at sp + 3 slots: 0x0000004b29efbef0 is pointing into the stack for thread: 0x000001bdae5b3a70
stack at sp + 4 slots: 0x000001bdc24a3990 points into unknown readable memory: 0x00007ffa0f6bf908 | 08 f9 6b 0f fa 7f 00 00
stack at sp + 5 slots: 0x000001bdb8e443c0 points into unknown readable memory: 0x000001bdae58e5a0 | a0 e5 58 ae bd 01 00 00
stack at sp + 6 slots: 0x0000000000000002 is an unknown value
stack at sp + 7 slots: 0x00007ffa0f431fd7 jvm.dll


---------------  P R O C E S S  ---------------

Threads class SMR info:
_java_thread_list=0x000001bdb48e3320, length=31, elements={
0x000001bd9a762430, 0x000001bdae573060, 0x000001bdae574060, 0x000001bdae5ab270,
0x000001bdae5acab0, 0x000001bdae5ad730, 0x000001bdae5af2a0, 0x000001bdae5b3a70,
0x000001bdae5bb620, 0x000001bdb377e840, 0x000001bdae470ca0, 0x000001bdb39dc0c0,
0x000001bdb3f43ec0, 0x000001bdb3bafb50, 0x000001bdb3d836b0, 0x000001bdb4294d30,
0x000001bdb48a28a0, 0x000001bdb48a2d70, 0x000001bdb48a3be0, 0x000001bdb48a40b0,
0x000001bdb48a23d0, 0x000001bdb48a4a50, 0x000001bdb48a4f20, 0x000001bdb48a53f0,
0x000001bdb42fb6d0, 0x000001bdb42fa390, 0x000001bdb5420be0, 0x000001bdb54210b0,
0x000001bdb5421580, 0x000001bdb5421a50, 0x000001bdb5423730
}

Java Threads: ( => current thread )
  0x000001bd9a762430 JavaThread "main" [_thread_blocked, id=3596, stack(0x0000004b29500000,0x0000004b29600000)]
  0x000001bdae573060 JavaThread "Reference Handler" daemon [_thread_blocked, id=796, stack(0x0000004b29800000,0x0000004b29900000)]
  0x000001bdae574060 JavaThread "Finalizer" daemon [_thread_blocked, id=2068, stack(0x0000004b29900000,0x0000004b29a00000)]
  0x000001bdae5ab270 JavaThread "Signal Dispatcher" daemon [_thread_blocked, id=7144, stack(0x0000004b29a00000,0x0000004b29b00000)]
  0x000001bdae5acab0 JavaThread "Attach Listener" daemon [_thread_blocked, id=5740, stack(0x0000004b29b00000,0x0000004b29c00000)]
  0x000001bdae5ad730 JavaThread "Service Thread" daemon [_thread_blocked, id=1716, stack(0x0000004b29c00000,0x0000004b29d00000)]
  0x000001bdae5af2a0 JavaThread "Monitor Deflation Thread" daemon [_thread_blocked, id=6308, stack(0x0000004b29d00000,0x0000004b29e00000)]
=>0x000001bdae5b3a70 JavaThread "C2 CompilerThread0" daemon [_thread_in_native, id=7156, stack(0x0000004b29e00000,0x0000004b29f00000)]
  0x000001bdae5bb620 JavaThread "C1 CompilerThread0" daemon [_thread_blocked, id=6336, stack(0x0000004b29f00000,0x0000004b2a000000)]
  0x000001bdb377e840 JavaThread "Sweeper thread" daemon [_thread_blocked, id=6152, stack(0x0000004b2a000000,0x0000004b2a100000)]
  0x000001bdae470ca0 JavaThread "Common-Cleaner" daemon [_thread_blocked, id=2216, stack(0x0000004b2a100000,0x0000004b2a200000)]
  0x000001bdb39dc0c0 JavaThread "Notification Thread" daemon [_thread_blocked, id=5880, stack(0x0000004b2a200000,0x0000004b2a300000)]
  0x000001bdb3f43ec0 JavaThread "Active Thread: Equinox Container: d71c2ece-8cb0-40a8-b69f-1560006d9a5d" [_thread_blocked, id=6976, stack(0x0000004b2ae00000,0x0000004b2af00000)]
  0x000001bdb3bafb50 JavaThread "Framework Event Dispatcher: Equinox Container: d71c2ece-8cb0-40a8-b69f-1560006d9a5d" daemon [_thread_blocked, id=6400, stack(0x0000004b2af00000,0x0000004b2b000000)]
  0x000001bdb3d836b0 JavaThread "Start Level: Equinox Container: d71c2ece-8cb0-40a8-b69f-1560006d9a5d" daemon [_thread_blocked, id=6396, stack(0x0000004b2b000000,0x0000004b2b100000)]
  0x000001bdb4294d30 JavaThread "Refresh Thread: Equinox Container: d71c2ece-8cb0-40a8-b69f-1560006d9a5d" daemon [_thread_blocked, id=6596, stack(0x0000004b2b200000,0x0000004b2b300000)]
  0x000001bdb48a28a0 JavaThread "SCR Component Actor" daemon [_thread_blocked, id=6344, stack(0x0000004b2b800000,0x0000004b2b900000)]
  0x000001bdb48a2d70 JavaThread "Worker-JM" [_thread_blocked, id=4776, stack(0x0000004b2bb00000,0x0000004b2bc00000)]
  0x000001bdb48a3be0 JavaThread "Bundle File Closer" daemon [_thread_blocked, id=4708, stack(0x0000004b2bf00000,0x0000004b2c000000)]
  0x000001bdb48a40b0 JavaThread "Java indexing" daemon [_thread_blocked, id=7164, stack(0x0000004b2c400000,0x0000004b2c500000)]
  0x000001bdb48a23d0 JavaThread "JNA Cleaner" daemon [_thread_blocked, id=920, stack(0x0000004b2c800000,0x0000004b2c900000)]
  0x000001bdb48a4a50 JavaThread "pool-2-thread-1" [_thread_blocked, id=620, stack(0x0000004b2c900000,0x0000004b2ca00000)]
  0x000001bdb48a4f20 JavaThread "WorkspaceEventsHandler" [_thread_blocked, id=1432, stack(0x0000004b2ca00000,0x0000004b2cb00000)]
  0x000001bdb48a53f0 JavaThread "pool-1-thread-1" [_thread_in_native, id=7008, stack(0x0000004b2cb00000,0x0000004b2cc00000)]
  0x000001bdb42fb6d0 JavaThread "Worker-5: Shutdown..." [_thread_in_native, id=4816, stack(0x0000004b3cb00000,0x0000004b3cc00000)]
  0x000001bdb42fa390 JavaThread "Worker-6" [_thread_blocked, id=80, stack(0x0000004b4cb00000,0x0000004b4cc00000)]
  0x000001bdb5420be0 JavaThread "ForkJoinPool.commonPool-worker-18" daemon [_thread_blocked, id=9196, stack(0x0000004b02200000,0x0000004b02300000)]
  0x000001bdb54210b0 JavaThread "ForkJoinPool.commonPool-worker-19" daemon [_thread_blocked, id=7488, stack(0x0000004b02300000,0x0000004b02400000)]
  0x000001bdb5421580 JavaThread "ForkJoinPool.commonPool-worker-20" daemon [_thread_blocked, id=6232, stack(0x0000004b02400000,0x0000004b02500000)]
  0x000001bdb5421a50 JavaThread "ForkJoinPool.commonPool-worker-21" daemon [_thread_blocked, id=8896, stack(0x0000004b02500000,0x0000004b02600000)]
  0x000001bdb5423730 JavaThread "pool-1-thread-2" [_thread_blocked, id=3280, stack(0x0000004b02900000,0x0000004b02a00000)]

Other Threads:
  0x000001bdae56dfc0 VMThread "VM Thread" [stack: 0x0000004b29700000,0x0000004b29800000] [id=3452]
  0x000001bdb39a6e50 WatcherThread [stack: 0x0000004b2a300000,0x0000004b2a400000] [id=2880]
  0x000001bd9a779720 GCTaskThread "GC Thread#0" [stack: 0x0000004b29600000,0x0000004b29700000] [id=1132]
  0x000001bdb3f28f60 GCTaskThread "GC Thread#1" [stack: 0x0000004b2a700000,0x0000004b2a800000] [id=6824]
  0x000001bdb3ef3040 GCTaskThread "GC Thread#2" [stack: 0x0000004b2a800000,0x0000004b2a900000] [id=6200]
  0x000001bdb3ef32f0 GCTaskThread "GC Thread#3" [stack: 0x0000004b2a900000,0x0000004b2aa00000] [id=6240]

Threads with active compile tasks:
C2 CompilerThread0  3149301 19135  s!   4       org.eclipse.jdt.core.dom.DefaultBindingResolver::resolveName (1727 bytes)

VM state: not at safepoint (normal execution)

VM Mutex/Monitor currently owned by a thread: None

Heap address: 0x00000000c0000000, size: 1024 MB, Compressed Oops mode: 32-bit

CDS archive(s) not mapped
Compressed class space mapped at: 0x0000000100000000-0x0000000140000000, reserved size: 1073741824
Narrow klass base: 0x0000000000000000, Narrow klass shift: 3, Narrow klass range: 0x140000000

GC Precious Log:
 CPUs: 4 total, 4 available
 Memory: 3976M
 Large Page Support: Disabled
 NUMA Support: Disabled
 Compressed Oops: Enabled (32-bit)
 Alignments: Space 512K, Generation 512K, Heap 2M
 Heap Min Capacity: 100M
 Heap Initial Capacity: 100M
 Heap Max Capacity: 1G
 Pre-touch: Disabled
 Parallel Workers: 4

Heap:
 PSYoungGen      total 3584K, used 557K [0x00000000eab00000, 0x00000000eb180000, 0x0000000100000000)
  eden space 3072K, 16% used [0x00000000eab00000,0x00000000eab7b7c8,0x00000000eae00000)
  from space 512K, 12% used [0x00000000eb100000,0x00000000eb110000,0x00000000eb180000)
  to   space 512K, 0% used [0x00000000eb080000,0x00000000eb080000,0x00000000eb100000)
 ParOldGen       total 303104K, used 265805K [0x00000000c0000000, 0x00000000d2800000, 0x00000000eab00000)
  object space 303104K, 87% used [0x00000000c0000000,0x00000000d03936c8,0x00000000d2800000)
 Metaspace       used 87081K, committed 88128K, reserved 1179648K
  class space    used 8926K, committed 9344K, reserved 1048576K

Card table byte_map: [0x000001bd9a110000,0x000001bd9a320000] _byte_map_base: 0x000001bd99b10000

Marking Bits: (ParMarkBitMap*) 0x00007ffa0f9152c0
 Begin Bits: [0x000001bdac3f0000, 0x000001bdad3f0000)
 End Bits:   [0x000001bdad3f0000, 0x000001bdae3f0000)

Polling page: 0x000001bd98650000

Metaspace:

Usage:
  Non-class:     76.32 MB used.
      Class:      8.72 MB used.
       Both:     85.04 MB used.

Virtual space:
  Non-class space:      128.00 MB reserved,      76.94 MB ( 60%) committed,  2 nodes.
      Class space:        1.00 GB reserved,       9.13 MB ( <1%) committed,  1 nodes.
             Both:        1.13 GB reserved,      86.06 MB (  7%) committed. 

Chunk freelists:
   Non-Class:  2.79 MB
       Class:  6.72 MB
        Both:  9.51 MB

MaxMetaspaceSize: unlimited
CompressedClassSpaceSize: 1.00 GB
Initial GC threshold: 21.00 MB
Current GC threshold: 143.25 MB
CDS: off
MetaspaceReclaimPolicy: balanced
 - commit_granule_bytes: 65536.
 - commit_granule_words: 8192.
 - virtual_space_node_default_size: 8388608.
 - enlarge_chunks_in_place: 1.
 - new_chunks_are_fully_committed: 0.
 - uncommit_free_chunks: 1.
 - use_allocation_guard: 0.
 - handle_deallocations: 1.


Internal statistics:

num_allocs_failed_limit: 13.
num_arena_births: 898.
num_arena_deaths: 268.
num_vsnodes_births: 3.
num_vsnodes_deaths: 0.
num_space_committed: 1377.
num_space_uncommitted: 0.
num_chunks_returned_to_freelist: 359.
num_chunks_taken_from_freelist: 4594.
num_chunk_merges: 109.
num_chunk_splits: 2760.
num_chunks_enlarged: 1541.
num_inconsistent_stats: 0.

CodeHeap 'non-profiled nmethods': size=120000Kb used=12692Kb max_used=14048Kb free=107307Kb
 bounds [0x000001bda4ec0000, 0x000001bda5c80000, 0x000001bdac3f0000]
CodeHeap 'profiled nmethods': size=120000Kb used=31350Kb max_used=32306Kb free=88649Kb
 bounds [0x000001bd9d3f0000, 0x000001bd9f3b0000, 0x000001bda4920000]
CodeHeap 'non-nmethods': size=5760Kb used=1417Kb max_used=1500Kb free=4342Kb
 bounds [0x000001bda4920000, 0x000001bda4b90000, 0x000001bda4ec0000]
 total_blobs=15263 nmethods=14496 adapters=678
 compilation: enabled
              stopped_count=0, restarted_count=0
 full_count=0

Compilation events (20 events):
Event: 3149.009 Thread 0x000001bdb59b01d0 nmethod 19123 0x000001bda5551710 code [0x000001bda5551fa0, 0x000001bda555c750]
Event: 3149.009 Thread 0x000001bdb59b01d0 19226       4       org.eclipse.jdt.internal.compiler.parser.Parser::recoveryTokenCheck (406 bytes)
Event: 3149.015 Thread 0x000001bdb59b01d0 nmethod 19226 0x000001bda5347a10 code [0x000001bda5347bc0, 0x000001bda5347f38]
Event: 3149.015 Thread 0x000001bdb59b01d0 19288       4       org.eclipse.jdt.internal.compiler.ast.SingleNameReference::resolveType (411 bytes)
Event: 3149.051 Thread 0x000001bdb59b01d0 nmethod 19288 0x000001bda57d4e90 code [0x000001bda57d5160, 0x000001bda57d6430]
Event: 3149.052 Thread 0x000001bdb59b01d0 19156       4       org.eclipse.jdt.internal.compiler.codegen.CodeStream::getConstantPoolDeclaringClass (209 bytes)
Event: 3149.055 Thread 0x000001bdb59b01d0 nmethod 19156 0x000001bda5492b90 code [0x000001bda5492d40, 0x000001bda5492fb8]
Event: 3149.055 Thread 0x000001bdb59b01d0 19126       4       org.eclipse.jdt.internal.compiler.ast.FakedTrackingVariable::getCloseTrackingVariable (297 bytes)
Event: 3149.058 Thread 0x000001bdb59b01d0 nmethod 19126 0x000001bda58bb190 code [0x000001bda58bb340, 0x000001bda58bb618]
Event: 3149.058 Thread 0x000001bdb59b01d0 19144       4       org.eclipse.jdt.internal.compiler.ast.FakedTrackingVariable::markPassedToOutside (117 bytes)
Event: 3149.063 Thread 0x000001bdb59b01d0 nmethod 19144 0x000001bda5727610 code [0x000001bda57277c0, 0x000001bda5727b18]
Event: 3149.063 Thread 0x000001bdb59b01d0 18997       4       org.eclipse.jdt.internal.core.ClassFile::unqualifiedName (53 bytes)
Event: 3149.067 Thread 0x000001bdb59b01d0 nmethod 18997 0x000001bda5728810 code [0x000001bda57289a0, 0x000001bda5728d78]
Event: 3149.067 Thread 0x000001bdb59b01d0 19121       4       org.eclipse.jdt.internal.compiler.lookup.LookupEnvironment::getTypeFromCompoundName (160 bytes)
Event: 3149.102 Thread 0x000001bdb59b01d0 nmethod 19121 0x000001bda59ed990 code [0x000001bda59edc00, 0x000001bda59eee20]
Event: 3149.102 Thread 0x000001bdb59b01d0 19030       4       org.eclipse.jdt.internal.compiler.ast.FakedTrackingVariable::isAnyCloseable (22 bytes)
Event: 3149.103 Thread 0x000001bdb59b01d0 nmethod 19030 0x000001bda5b04090 code [0x000001bda5b04200, 0x000001bda5b042b8]
Event: 3149.103 Thread 0x000001bdb59b01d0 19054       4       org.eclipse.jdt.internal.compiler.lookup.MethodBinding::isProtected (13 bytes)
Event: 3149.103 Thread 0x000001bdb59b01d0 nmethod 19054 0x000001bda50ff810 code [0x000001bda50ff980, 0x000001bda50ffa18]
Event: 3149.103 Thread 0x000001bdb59b01d0 18986       4       org.eclipse.jdt.internal.core.BinaryType::isEnum (25 bytes)

GC Heap History (20 events):
Event: 3146.978 GC heap before
{Heap before GC invocations=633 (full 17):
 PSYoungGen      total 4096K, used 2960K [0x00000000eab00000, 0x00000000eb080000, 0x0000000100000000)
  eden space 2048K, 100% used [0x00000000eab00000,0x00000000ead00000,0x00000000ead00000)
  from space 2048K, 44% used [0x00000000ead00000,0x00000000eade4010,0x00000000eaf00000)
  to   space 1536K, 0% used [0x00000000eaf00000,0x00000000eaf00000,0x00000000eb080000)
 ParOldGen       total 303104K, used 258427K [0x00000000c0000000, 0x00000000d2800000, 0x00000000eab00000)
  object space 303104K, 85% used [0x00000000c0000000,0x00000000cfc5ec80,0x00000000d2800000)
 Metaspace       used 86878K, committed 88000K, reserved 1179648K
  class space    used 8907K, committed 9344K, reserved 1048576K
}
Event: 3146.983 GC heap after
{Heap after GC invocations=633 (full 17):
 PSYoungGen      total 3584K, used 848K [0x00000000eab00000, 0x00000000eb000000, 0x0000000100000000)
  eden space 2560K, 0% used [0x00000000eab00000,0x00000000eab00000,0x00000000ead80000)
  from space 1024K, 82% used [0x00000000eaf00000,0x00000000eafd4010,0x00000000eb000000)
  to   space 1024K, 0% used [0x00000000eae00000,0x00000000eae00000,0x00000000eaf00000)
 ParOldGen       total 303104K, used 259293K [0x00000000c0000000, 0x00000000d2800000, 0x00000000eab00000)
  object space 303104K, 85% used [0x00000000c0000000,0x00000000cfd37600,0x00000000d2800000)
 Metaspace       used 86878K, committed 88000K, reserved 1179648K
  class space    used 8907K, committed 9344K, reserved 1048576K
}
Event: 3147.002 GC heap before
{Heap before GC invocations=634 (full 17):
 PSYoungGen      total 3584K, used 3408K [0x00000000eab00000, 0x00000000eb000000, 0x0000000100000000)
  eden space 2560K, 100% used [0x00000000eab00000,0x00000000ead80000,0x00000000ead80000)
  from space 1024K, 82% used [0x00000000eaf00000,0x00000000eafd4010,0x00000000eb000000)
  to   space 1024K, 0% used [0x00000000eae00000,0x00000000eae00000,0x00000000eaf00000)
 ParOldGen       total 303104K, used 259293K [0x00000000c0000000, 0x00000000d2800000, 0x00000000eab00000)
  object space 303104K, 85% used [0x00000000c0000000,0x00000000cfd37600,0x00000000d2800000)
 Metaspace       used 86879K, committed 88000K, reserved 1179648K
  class space    used 8907K, committed 9344K, reserved 1048576K
}
Event: 3147.006 GC heap after
{Heap after GC invocations=634 (full 17):
 PSYoungGen      total 4096K, used 480K [0x00000000eab00000, 0x00000000eb000000, 0x0000000100000000)
  eden space 3072K, 0% used [0x00000000eab00000,0x00000000eab00000,0x00000000eae00000)
  from space 1024K, 46% used [0x00000000eae00000,0x00000000eae78000,0x00000000eaf00000)
  to   space 1024K, 0% used [0x00000000eaf00000,0x00000000eaf00000,0x00000000eb000000)
 ParOldGen       total 303104K, used 260061K [0x00000000c0000000, 0x00000000d2800000, 0x00000000eab00000)
  object space 303104K, 85% used [0x00000000c0000000,0x00000000cfdf7710,0x00000000d2800000)
 Metaspace       used 86879K, committed 88000K, reserved 1179648K
  class space    used 8907K, committed 9344K, reserved 1048576K
}
Event: 3147.326 GC heap before
{Heap before GC invocations=635 (full 17):
 PSYoungGen      total 4096K, used 3552K [0x00000000eab00000, 0x00000000eb000000, 0x0000000100000000)
  eden space 3072K, 100% used [0x00000000eab00000,0x00000000eae00000,0x00000000eae00000)
  from space 1024K, 46% used [0x00000000eae00000,0x00000000eae78000,0x00000000eaf00000)
  to   space 1024K, 0% used [0x00000000eaf00000,0x00000000eaf00000,0x00000000eb000000)
 ParOldGen       total 303104K, used 260061K [0x00000000c0000000, 0x00000000d2800000, 0x00000000eab00000)
  object space 303104K, 85% used [0x00000000c0000000,0x00000000cfdf7710,0x00000000d2800000)
 Metaspace       used 86879K, committed 88000K, reserved 1179648K
  class space    used 8907K, committed 9344K, reserved 1048576K
}
Event: 3147.330 GC heap after
{Heap after GC invocations=635 (full 17):
 PSYoungGen      total 4096K, used 917K [0x00000000eab00000, 0x00000000eb100000, 0x0000000100000000)
  eden space 3072K, 0% used [0x00000000eab00000,0x00000000eab00000,0x00000000eae00000)
  from space 1024K, 89% used [0x00000000eaf00000,0x00000000eafe54c0,0x00000000eb000000)
  to   space 1024K, 0% used [0x00000000eae00000,0x00000000eae00000,0x00000000eaf00000)
 ParOldGen       total 303104K, used 260497K [0x00000000c0000000, 0x00000000d2800000, 0x00000000eab00000)
  object space 303104K, 85% used [0x00000000c0000000,0x00000000cfe64610,0x00000000d2800000)
 Metaspace       used 86879K, committed 88000K, reserved 1179648K
  class space    used 8907K, committed 9344K, reserved 1048576K
}
Event: 3147.834 GC heap before
{Heap before GC invocations=636 (full 17):
 PSYoungGen      total 4096K, used 3989K [0x00000000eab00000, 0x00000000eb100000, 0x0000000100000000)
  eden space 3072K, 100% used [0x00000000eab00000,0x00000000eae00000,0x00000000eae00000)
  from space 1024K, 89% used [0x00000000eaf00000,0x00000000eafe54c0,0x00000000eb000000)
  to   space 1024K, 0% used [0x00000000eae00000,0x00000000eae00000,0x00000000eaf00000)
 ParOldGen       total 303104K, used 260497K [0x00000000c0000000, 0x00000000d2800000, 0x00000000eab00000)
  object space 303104K, 85% used [0x00000000c0000000,0x00000000cfe64610,0x00000000d2800000)
 Metaspace       used 86880K, committed 88000K, reserved 1179648K
  class space    used 8907K, committed 9344K, reserved 1048576K
}
Event: 3147.837 GC heap after
{Heap after GC invocations=636 (full 17):
 PSYoungGen      total 4096K, used 566K [0x00000000eab00000, 0x00000000eb000000, 0x0000000100000000)
  eden space 3072K, 0% used [0x00000000eab00000,0x00000000eab00000,0x00000000eae00000)
  from space 1024K, 55% used [0x00000000eae00000,0x00000000eae8d938,0x00000000eaf00000)
  to   space 1024K, 0% used [0x00000000eaf00000,0x00000000eaf00000,0x00000000eb000000)
 ParOldGen       total 303104K, used 261207K [0x00000000c0000000, 0x00000000d2800000, 0x00000000eab00000)
  object space 303104K, 86% used [0x00000000c0000000,0x00000000cff15e90,0x00000000d2800000)
 Metaspace       used 86880K, committed 88000K, reserved 1179648K
  class space    used 8907K, committed 9344K, reserved 1048576K
}
Event: 3147.981 GC heap before
{Heap before GC invocations=637 (full 17):
 PSYoungGen      total 4096K, used 3638K [0x00000000eab00000, 0x00000000eb000000, 0x0000000100000000)
  eden space 3072K, 100% used [0x00000000eab00000,0x00000000eae00000,0x00000000eae00000)
  from space 1024K, 55% used [0x00000000eae00000,0x00000000eae8d938,0x00000000eaf00000)
  to   space 1024K, 0% used [0x00000000eaf00000,0x00000000eaf00000,0x00000000eb000000)
 ParOldGen       total 303104K, used 261207K [0x00000000c0000000, 0x00000000d2800000, 0x00000000eab00000)
  object space 303104K, 86% used [0x00000000c0000000,0x00000000cff15e90,0x00000000d2800000)
 Metaspace       used 86951K, committed 88064K, reserved 1179648K
  class space    used 8911K, committed 9344K, reserved 1048576K
}
Event: 3147.984 GC heap after
{Heap after GC invocations=637 (full 17):
 PSYoungGen      total 4096K, used 576K [0x00000000eab00000, 0x00000000eb000000, 0x0000000100000000)
  eden space 3072K, 0% used [0x00000000eab00000,0x00000000eab00000,0x00000000eae00000)
  from space 1024K, 56% used [0x00000000eaf00000,0x00000000eaf90000,0x00000000eb000000)
  to   space 1024K, 0% used [0x00000000eae00000,0x00000000eae00000,0x00000000eaf00000)
 ParOldGen       total 303104K, used 261717K [0x00000000c0000000, 0x00000000d2800000, 0x00000000eab00000)
  object space 303104K, 86% used [0x00000000c0000000,0x00000000cff95648,0x00000000d2800000)
 Metaspace       used 86951K, committed 88064K, reserved 1179648K
  class space    used 8911K, committed 9344K, reserved 1048576K
}
Event: 3148.270 GC heap before
{Heap before GC invocations=638 (full 17):
 PSYoungGen      total 4096K, used 3648K [0x00000000eab00000, 0x00000000eb000000, 0x0000000100000000)
  eden space 3072K, 100% used [0x00000000eab00000,0x00000000eae00000,0x00000000eae00000)
  from space 1024K, 56% used [0x00000000eaf00000,0x00000000eaf90000,0x00000000eb000000)
  to   space 1024K, 0% used [0x00000000eae00000,0x00000000eae00000,0x00000000eaf00000)
 ParOldGen       total 303104K, used 261717K [0x00000000c0000000, 0x00000000d2800000, 0x00000000eab00000)
  object space 303104K, 86% used [0x00000000c0000000,0x00000000cff95648,0x00000000d2800000)
 Metaspace       used 86994K, committed 88064K, reserved 1179648K
  class space    used 8911K, committed 9344K, reserved 1048576K
}
Event: 3148.278 GC heap after
{Heap after GC invocations=638 (full 17):
 PSYoungGen      total 4096K, used 993K [0x00000000eab00000, 0x00000000eb500000, 0x0000000100000000)
  eden space 3072K, 0% used [0x00000000eab00000,0x00000000eab00000,0x00000000eae00000)
  from space 1024K, 96% used [0x00000000eae00000,0x00000000eaef8448,0x00000000eaf00000)
  to   space 3584K, 0% used [0x00000000eb180000,0x00000000eb180000,0x00000000eb500000)
 ParOldGen       total 303104K, used 263786K [0x00000000c0000000, 0x00000000d2800000, 0x00000000eab00000)
  object space 303104K, 87% used [0x00000000c0000000,0x00000000d019a818,0x00000000d2800000)
 Metaspace       used 86994K, committed 88064K, reserved 1179648K
  class space    used 8911K, committed 9344K, reserved 1048576K
}
Event: 3148.367 GC heap before
{Heap before GC invocations=639 (full 17):
 PSYoungGen      total 4096K, used 4065K [0x00000000eab00000, 0x00000000eb500000, 0x0000000100000000)
  eden space 3072K, 99% used [0x00000000eab00000,0x00000000eadffff0,0x00000000eae00000)
  from space 1024K, 96% used [0x00000000eae00000,0x00000000eaef8448,0x00000000eaf00000)
  to   space 3584K, 0% used [0x00000000eb180000,0x00000000eb180000,0x00000000eb500000)
 ParOldGen       total 303104K, used 263786K [0x00000000c0000000, 0x00000000d2800000, 0x00000000eab00000)
  object space 303104K, 87% used [0x00000000c0000000,0x00000000d019a818,0x00000000d2800000)
 Metaspace       used 87026K, committed 88128K, reserved 1179648K
  class space    used 8914K, committed 9344K, reserved 1048576K
}
Event: 3148.372 GC heap after
{Heap after GC invocations=639 (full 17):
 PSYoungGen      total 4096K, used 896K [0x00000000eab00000, 0x00000000eb280000, 0x0000000100000000)
  eden space 3072K, 0% used [0x00000000eab00000,0x00000000eab00000,0x00000000eae00000)
  from space 1024K, 87% used [0x00000000eb180000,0x00000000eb260000,0x00000000eb280000)
  to   space 2048K, 0% used [0x00000000eae80000,0x00000000eae80000,0x00000000eb080000)
 ParOldGen       total 303104K, used 263882K [0x00000000c0000000, 0x00000000d2800000, 0x00000000eab00000)
  object space 303104K, 87% used [0x00000000c0000000,0x00000000d01b2818,0x00000000d2800000)
 Metaspace       used 87026K, committed 88128K, reserved 1179648K
  class space    used 8914K, committed 9344K, reserved 1048576K
}
Event: 3148.427 GC heap before
{Heap before GC invocations=640 (full 17):
 PSYoungGen      total 4096K, used 3968K [0x00000000eab00000, 0x00000000eb280000, 0x0000000100000000)
  eden space 3072K, 100% used [0x00000000eab00000,0x00000000eae00000,0x00000000eae00000)
  from space 1024K, 87% used [0x00000000eb180000,0x00000000eb260000,0x00000000eb280000)
  to   space 2048K, 0% used [0x00000000eae80000,0x00000000eae80000,0x00000000eb080000)
 ParOldGen       total 303104K, used 263882K [0x00000000c0000000, 0x00000000d2800000, 0x00000000eab00000)
  object space 303104K, 87% used [0x00000000c0000000,0x00000000d01b2818,0x00000000d2800000)
 Metaspace       used 87036K, committed 88128K, reserved 1179648K
  class space    used 8915K, committed 9344K, reserved 1048576K
}
Event: 3148.432 GC heap after
{Heap after GC invocations=640 (full 17):
 PSYoungGen      total 5120K, used 480K [0x00000000eab00000, 0x00000000eb200000, 0x0000000100000000)
  eden space 3072K, 0% used [0x00000000eab00000,0x00000000eab00000,0x00000000eae00000)
  from space 2048K, 23% used [0x00000000eae80000,0x00000000eaef8000,0x00000000eb080000)
  to   space 1024K, 0% used [0x00000000eb100000,0x00000000eb100000,0x00000000eb200000)
 ParOldGen       total 303104K, used 264684K [0x00000000c0000000, 0x00000000d2800000, 0x00000000eab00000)
  object space 303104K, 87% used [0x00000000c0000000,0x00000000d027b1b8,0x00000000d2800000)
 Metaspace       used 87036K, committed 88128K, reserved 1179648K
  class space    used 8915K, committed 9344K, reserved 1048576K
}
Event: 3148.467 GC heap before
{Heap before GC invocations=641 (full 17):
 PSYoungGen      total 5120K, used 3551K [0x00000000eab00000, 0x00000000eb200000, 0x0000000100000000)
  eden space 3072K, 99% used [0x00000000eab00000,0x00000000eadffe20,0x00000000eae00000)
  from space 2048K, 23% used [0x00000000eae80000,0x00000000eaef8000,0x00000000eb080000)
  to   space 1024K, 0% used [0x00000000eb100000,0x00000000eb100000,0x00000000eb200000)
 ParOldGen       total 303104K, used 264684K [0x00000000c0000000, 0x00000000d2800000, 0x00000000eab00000)
  object space 303104K, 87% used [0x00000000c0000000,0x00000000d027b1b8,0x00000000d2800000)
 Metaspace       used 87036K, committed 88128K, reserved 1179648K
  class space    used 8915K, committed 9344K, reserved 1048576K
}
Event: 3148.470 GC heap after
{Heap after GC invocations=641 (full 17):
 PSYoungGen      total 3584K, used 277K [0x00000000eab00000, 0x00000000eb180000, 0x0000000100000000)
  eden space 3072K, 0% used [0x00000000eab00000,0x00000000eab00000,0x00000000eae00000)
  from space 512K, 54% used [0x00000000eb100000,0x00000000eb1454e0,0x00000000eb180000)
  to   space 512K, 0% used [0x00000000eb080000,0x00000000eb080000,0x00000000eb100000)
 ParOldGen       total 303104K, used 265109K [0x00000000c0000000, 0x00000000d2800000, 0x00000000eab00000)
  object space 303104K, 87% used [0x00000000c0000000,0x00000000d02e55a8,0x00000000d2800000)
 Metaspace       used 87036K, committed 88128K, reserved 1179648K
  class space    used 8915K, committed 9344K, reserved 1048576K
}
Event: 3148.645 GC heap before
{Heap before GC invocations=642 (full 17):
 PSYoungGen      total 3584K, used 1980K [0x00000000eab00000, 0x00000000eb180000, 0x0000000100000000)
  eden space 3072K, 55% used [0x00000000eab00000,0x00000000eaca9df0,0x00000000eae00000)
  from space 512K, 54% used [0x00000000eb100000,0x00000000eb1454e0,0x00000000eb180000)
  to   space 512K, 0% used [0x00000000eb080000,0x00000000eb080000,0x00000000eb100000)
 ParOldGen       total 303104K, used 265109K [0x00000000c0000000, 0x00000000d2800000, 0x00000000eab00000)
  object space 303104K, 87% used [0x00000000c0000000,0x00000000d02e55a8,0x00000000d2800000)
 Metaspace       used 87052K, committed 88128K, reserved 1179648K
  class space    used 8918K, committed 9344K, reserved 1048576K
}
Event: 3148.648 GC heap after
{Heap after GC invocations=642 (full 17):
 PSYoungGen      total 3584K, used 512K [0x00000000eab00000, 0x00000000eb180000, 0x0000000100000000)
  eden space 3072K, 0% used [0x00000000eab00000,0x00000000eab00000,0x00000000eae00000)
  from space 512K, 100% used [0x00000000eb080000,0x00000000eb100000,0x00000000eb100000)
  to   space 512K, 0% used [0x00000000eb100000,0x00000000eb100000,0x00000000eb180000)
 ParOldGen       total 303104K, used 265279K [0x00000000c0000000, 0x00000000d2800000, 0x00000000eab00000)
  object space 303104K, 87% used [0x00000000c0000000,0x00000000d030ff38,0x00000000d2800000)
 Metaspace       used 87052K, committed 88128K, reserved 1179648K
  class space    used 8918K, committed 9344K, reserved 1048576K
}

Dll operation events (13 events):
Event: 0.388 Loaded shared library c:\Users\Vicky\.vscode\extensions\redhat.java-1.19.0-win32-x64\jre\17.0.7-win32-x86_64\bin\java.dll
Event: 0.942 Loaded shared library c:\Users\Vicky\.vscode\extensions\redhat.java-1.19.0-win32-x64\jre\17.0.7-win32-x86_64\bin\zip.dll
Event: 0.988 Loaded shared library C:\Users\Vicky\.vscode\extensions\redhat.java-1.19.0-win32-x64\jre\17.0.7-win32-x86_64\bin\instrument.dll
Event: 1.342 Loaded shared library C:\Users\Vicky\.vscode\extensions\redhat.java-1.19.0-win32-x64\jre\17.0.7-win32-x86_64\bin\net.dll
Event: 1.657 Loaded shared library C:\Users\Vicky\.vscode\extensions\redhat.java-1.19.0-win32-x64\jre\17.0.7-win32-x86_64\bin\nio.dll
Event: 1.681 Loaded shared library C:\Users\Vicky\.vscode\extensions\redhat.java-1.19.0-win32-x64\jre\17.0.7-win32-x86_64\bin\zip.dll
Event: 1.792 Loaded shared library C:\Users\Vicky\.vscode\extensions\redhat.java-1.19.0-win32-x64\jre\17.0.7-win32-x86_64\bin\jimage.dll
Event: 2.559 Loaded shared library c:\Users\Vicky\.vscode\extensions\redhat.java-1.19.0-win32-x64\jre\17.0.7-win32-x86_64\bin\verify.dll
Event: 42.209 Loaded shared library C:\Users\Vicky\AppData\Roaming\Code\User\globalStorage\redhat.java\1.19.0\config_win\org.eclipse.equinox.launcher\org.eclipse.equinox.launcher.win32.win32.x86_64_1.2.700.v20221108-1024\eclipse_11801.dll
Event: 64.242 Loaded shared library C:\Users\Vicky\.vscode\extensions\redhat.java-1.19.0-win32-x64\jre\17.0.7-win32-x86_64\bin\management.dll
Event: 64.464 Loaded shared library C:\Users\Vicky\.vscode\extensions\redhat.java-1.19.0-win32-x64\jre\17.0.7-win32-x86_64\bin\management_ext.dll
Event: 65.137 Loaded shared library C:\Users\Vicky\AppData\Local\Temp\jna-82649438\jna4687057792597676735.dll
Event: 88.190 Loaded shared library C:\Users\Vicky\.vscode\extensions\redhat.java-1.19.0-win32-x64\jre\17.0.7-win32-x86_64\bin\sunmscapi.dll

Deoptimization events (20 events):
Event: 3148.385 Thread 0x000001bdb48a53f0 DEOPT PACKING pc=0x000001bda587b948 sp=0x0000004b2cbfcbe0
Event: 3148.385 Thread 0x000001bdb48a53f0 DEOPT UNPACKING pc=0x000001bda49766a3 sp=0x0000004b2cbfcb88 mode 2
Event: 3148.387 Thread 0x000001bdb48a53f0 Uncommon trap: trap_request=0xffffffde fr.pc=0x000001bda587b948 relative=0x0000000000001928
Event: 3148.387 Thread 0x000001bdb48a53f0 Uncommon trap: reason=class_check action=maybe_recompile pc=0x000001bda587b948 method=org.eclipse.jdt.core.dom.DefaultCommentMapper.storeTrailingComments(Lorg/eclipse/jdt/core/dom/ASTNode;IZ[I)I @ 265 c2
Event: 3148.387 Thread 0x000001bdb48a53f0 DEOPT PACKING pc=0x000001bda587b948 sp=0x0000004b2cbfca90
Event: 3148.387 Thread 0x000001bdb48a53f0 DEOPT UNPACKING pc=0x000001bda49766a3 sp=0x0000004b2cbfca10 mode 2
Event: 3148.389 Thread 0x000001bdb48a53f0 Uncommon trap: trap_request=0xffffffde fr.pc=0x000001bda587b948 relative=0x0000000000001928
Event: 3148.389 Thread 0x000001bdb48a53f0 Uncommon trap: reason=class_check action=maybe_recompile pc=0x000001bda587b948 method=org.eclipse.jdt.core.dom.DefaultCommentMapper.storeTrailingComments(Lorg/eclipse/jdt/core/dom/ASTNode;IZ[I)I @ 265 c2
Event: 3148.389 Thread 0x000001bdb48a53f0 DEOPT PACKING pc=0x000001bda587b948 sp=0x0000004b2cbfcba0
Event: 3148.389 Thread 0x000001bdb48a53f0 DEOPT UNPACKING pc=0x000001bda49766a3 sp=0x0000004b2cbfcb20 mode 2
Event: 3148.433 Thread 0x000001bdb5421580 Uncommon trap: trap_request=0xfffffff4 fr.pc=0x000001bda5192214 relative=0x0000000000001a74
Event: 3148.433 Thread 0x000001bdb5421580 Uncommon trap: reason=null_check action=make_not_entrant pc=0x000001bda5192214 method=org.eclipse.jdt.internal.corext.fix.VariableDeclarationFixCore$WrittenNamesFinder.visit(Lorg/eclipse/jdt/core/dom/SimpleName;)Z @ 38 c2
Event: 3148.434 Thread 0x000001bdb5421580 DEOPT PACKING pc=0x000001bda5192214 sp=0x0000004b024fe130
Event: 3148.434 Thread 0x000001bdb5421580 DEOPT UNPACKING pc=0x000001bda49766a3 sp=0x0000004b024fe130 mode 2
Event: 3148.444 Thread 0x000001bdb42fb6d0 DEOPT PACKING pc=0x000001bd9efb31a9 sp=0x0000004b3cbfe710
Event: 3148.444 Thread 0x000001bdb42fb6d0 DEOPT UNPACKING pc=0x000001bda4976e43 sp=0x0000004b3cbfdc40 mode 0
Event: 3148.707 Thread 0x000001bdb5423730 Uncommon trap: trap_request=0xffffffcc fr.pc=0x000001bda5b54760 relative=0x0000000000001420
Event: 3148.707 Thread 0x000001bdb5423730 Uncommon trap: reason=intrinsic_or_type_checked_inlining action=make_not_entrant pc=0x000001bda5b54760 method=org.eclipse.jdt.internal.compiler.parser.Parser.consumeEnterVariable()V @ 431 c2
Event: 3148.707 Thread 0x000001bdb5423730 DEOPT PACKING pc=0x000001bda5b54760 sp=0x0000004b029fe370
Event: 3148.707 Thread 0x000001bdb5423730 DEOPT UNPACKING pc=0x000001bda49766a3 sp=0x0000004b029fe2f8 mode 2

Classes unloaded (20 events):
Event: 2806.141 Thread 0x000001bdae56dfc0 Unloading class 0x00000001002c1c00 'jdk/internal/reflect/GeneratedSerializationConstructorAccessor16'
Event: 2806.141 Thread 0x000001bdae56dfc0 Unloading class 0x00000001002c1800 'jdk/internal/reflect/GeneratedSerializationConstructorAccessor15'
Event: 2806.141 Thread 0x000001bdae56dfc0 Unloading class 0x00000001002c1400 'jdk/internal/reflect/GeneratedSerializationConstructorAccessor14'
Event: 2806.141 Thread 0x000001bdae56dfc0 Unloading class 0x00000001002bf400 'java/lang/invoke/LambdaForm$MH+0x00000001002bf400'
Event: 2806.141 Thread 0x000001bdae56dfc0 Unloading class 0x00000001002be400 'jdk/internal/reflect/GeneratedSerializationConstructorAccessor13'
Event: 2806.141 Thread 0x000001bdae56dfc0 Unloading class 0x00000001002be000 'jdk/internal/reflect/GeneratedSerializationConstructorAccessor12'
Event: 2806.141 Thread 0x000001bdae56dfc0 Unloading class 0x00000001002bc000 'java/lang/invoke/LambdaForm$MH+0x00000001002bc000'
Event: 2806.141 Thread 0x000001bdae56dfc0 Unloading class 0x00000001002bac00 'jdk/internal/reflect/GeneratedSerializationConstructorAccessor11'
Event: 2806.141 Thread 0x000001bdae56dfc0 Unloading class 0x00000001002ba800 'jdk/internal/reflect/GeneratedSerializationConstructorAccessor10'
Event: 2806.141 Thread 0x000001bdae56dfc0 Unloading class 0x00000001002ba400 'jdk/internal/reflect/GeneratedSerializationConstructorAccessor9'
Event: 2806.141 Thread 0x000001bdae56dfc0 Unloading class 0x00000001002b2800 'java/lang/invoke/LambdaForm$MH+0x00000001002b2800'
Event: 2806.141 Thread 0x000001bdae56dfc0 Unloading class 0x00000001002b2000 'java/lang/invoke/LambdaForm$MH+0x00000001002b2000'
Event: 2806.141 Thread 0x000001bdae56dfc0 Unloading class 0x00000001002ae000 'jdk/internal/reflect/GeneratedSerializationConstructorAccessor8'
Event: 2806.141 Thread 0x000001bdae56dfc0 Unloading class 0x00000001002adc00 'jdk/internal/reflect/GeneratedSerializationConstructorAccessor7'
Event: 2806.141 Thread 0x000001bdae56dfc0 Unloading class 0x00000001002ad800 'jdk/internal/reflect/GeneratedSerializationConstructorAccessor6'
Event: 2806.141 Thread 0x000001bdae56dfc0 Unloading class 0x00000001002ad400 'jdk/internal/reflect/GeneratedSerializationConstructorAccessor5'
Event: 2806.141 Thread 0x000001bdae56dfc0 Unloading class 0x00000001002ad000 'jdk/internal/reflect/GeneratedSerializationConstructorAccessor4'
Event: 2806.141 Thread 0x000001bdae56dfc0 Unloading class 0x00000001002acc00 'jdk/internal/reflect/GeneratedSerializationConstructorAccessor3'
Event: 2806.141 Thread 0x000001bdae56dfc0 Unloading class 0x00000001002ac800 'jdk/internal/reflect/GeneratedSerializationConstructorAccessor2'
Event: 2806.142 Thread 0x000001bdae56dfc0 Unloading class 0x00000001002ac400 'jdk/internal/reflect/GeneratedSerializationConstructorAccessor1'

Classes redefined (0 events):
No events

Internal exceptions (20 events):
Event: 3148.961 Thread 0x000001bdb42fa390 Implicit null exception at 0x000001bd9d80faf6 to 0x000001bd9d81017d
Event: 3148.961 Thread 0x000001bdb42fa390 Exception <a 'java/lang/NullPointerException'{0x00000000ead3f4d8}> (0x00000000ead3f4d8) 
thrown [s\src\hotspot\share\runtime\sharedRuntime.cpp, line 628]
Event: 3148.961 Thread 0x000001bdb42fa390 Implicit null exception at 0x000001bd9d80faf6 to 0x000001bd9d81017d
Event: 3148.961 Thread 0x000001bdb42fa390 Exception <a 'java/lang/NullPointerException'{0x00000000ead3fa30}> (0x00000000ead3fa30) 
thrown [s\src\hotspot\share\runtime\sharedRuntime.cpp, line 628]
Event: 3148.961 Thread 0x000001bdb42fa390 Implicit null exception at 0x000001bd9d80faf6 to 0x000001bd9d81017d
Event: 3148.961 Thread 0x000001bdb42fa390 Exception <a 'java/lang/NullPointerException'{0x00000000ead40640}> (0x00000000ead40640) 
thrown [s\src\hotspot\share\runtime\sharedRuntime.cpp, line 628]
Event: 3148.961 Thread 0x000001bdb42fa390 Implicit null exception at 0x000001bd9d80faf6 to 0x000001bd9d81017d
Event: 3148.962 Thread 0x000001bdb42fa390 Exception <a 'java/lang/NullPointerException'{0x00000000ead41168}> (0x00000000ead41168) 
thrown [s\src\hotspot\share\runtime\sharedRuntime.cpp, line 628]
Event: 3148.962 Thread 0x000001bdb42fa390 Implicit null exception at 0x000001bd9d80faf6 to 0x000001bd9d81017d
Event: 3148.962 Thread 0x000001bdb42fa390 Exception <a 'java/lang/NullPointerException'{0x00000000ead43af0}> (0x00000000ead43af0) 
thrown [s\src\hotspot\share\runtime\sharedRuntime.cpp, line 628]
Event: 3148.962 Thread 0x000001bdb42fa390 Implicit null exception at 0x000001bd9d80faf6 to 0x000001bd9d81017d
Event: 3148.962 Thread 0x000001bdb42fa390 Exception <a 'java/lang/NullPointerException'{0x00000000ead44b40}> (0x00000000ead44b40) 
thrown [s\src\hotspot\share\runtime\sharedRuntime.cpp, line 628]
Event: 3148.962 Thread 0x000001bdb42fa390 Implicit null exception at 0x000001bd9d80faf6 to 0x000001bd9d81017d
Event: 3148.962 Thread 0x000001bdb42fa390 Exception <a 'java/lang/NullPointerException'{0x00000000ead46528}> (0x00000000ead46528) 
thrown [s\src\hotspot\share\runtime\sharedRuntime.cpp, line 628]
Event: 3148.962 Thread 0x000001bdb42fa390 Implicit null exception at 0x000001bd9d80faf6 to 0x000001bd9d81017d
Event: 3148.962 Thread 0x000001bdb42fa390 Exception <a 'java/lang/NullPointerException'{0x00000000ead47c60}> (0x00000000ead47c60) 
thrown [s\src\hotspot\share\runtime\sharedRuntime.cpp, line 628]
Event: 3148.962 Thread 0x000001bdb42fa390 Implicit null exception at 0x000001bd9d80faf6 to 0x000001bd9d81017d
Event: 3148.962 Thread 0x000001bdb42fa390 Exception <a 'java/lang/NullPointerException'{0x00000000ead48400}> (0x00000000ead48400) 
thrown [s\src\hotspot\share\runtime\sharedRuntime.cpp, line 628]
Event: 3148.962 Thread 0x000001bdb42fa390 Implicit null exception at 0x000001bd9d80faf6 to 0x000001bd9d81017d
Event: 3148.962 Thread 0x000001bdb42fa390 Exception <a 'java/lang/NullPointerException'{0x00000000ead4a4e0}> (0x00000000ead4a4e0) 
thrown [s\src\hotspot\share\runtime\sharedRuntime.cpp, line 628]

VM Operations (20 events):
Event: 3147.981 Executing VM operation: ParallelGCFailedAllocation
Event: 3147.984 Executing VM operation: ParallelGCFailedAllocation done
Event: 3148.026 Executing VM operation: HandshakeAllThreads
Event: 3148.026 Executing VM operation: HandshakeAllThreads done
Event: 3148.270 Executing VM operation: ParallelGCFailedAllocation
Event: 3148.279 Executing VM operation: ParallelGCFailedAllocation done
Event: 3148.294 Executing VM operation: HandshakeAllThreads
Event: 3148.294 Executing VM operation: HandshakeAllThreads done
Event: 3148.350 Executing VM operation: HandshakeAllThreads
Event: 3148.351 Executing VM operation: HandshakeAllThreads done
Event: 3148.367 Executing VM operation: ParallelGCFailedAllocation
Event: 3148.372 Executing VM operation: ParallelGCFailedAllocation done
Event: 3148.378 Executing VM operation: HandshakeAllThreads
Event: 3148.378 Executing VM operation: HandshakeAllThreads done
Event: 3148.427 Executing VM operation: ParallelGCFailedAllocation
Event: 3148.432 Executing VM operation: ParallelGCFailedAllocation done
Event: 3148.467 Executing VM operation: ParallelGCFailedAllocation
Event: 3148.470 Executing VM operation: ParallelGCFailedAllocation done
Event: 3148.645 Executing VM operation: ParallelGCFailedAllocation
Event: 3148.648 Executing VM operation: ParallelGCFailedAllocation done

Events (20 events):
Event: 3148.405 Thread 0x000001bdb377e840 flushing nmethod 0x000001bd9e6dee90
Event: 3148.405 Thread 0x000001bdb377e840 flushing nmethod 0x000001bd9e793610
Event: 3148.406 Thread 0x000001bdb377e840 flushing nmethod 0x000001bd9e7f3c90
Event: 3148.406 Thread 0x000001bdb377e840 flushing nmethod 0x000001bd9e805190
Event: 3148.408 Thread 0x000001bdb377e840 flushing nmethod 0x000001bd9ea51990
Event: 3148.408 Thread 0x000001bdb377e840 flushing nmethod 0x000001bd9eab8410
Event: 3148.408 Thread 0x000001bdb377e840 flushing nmethod 0x000001bd9eb09510
Event: 3148.408 Thread 0x000001bdb377e840 flushing nmethod 0x000001bd9eb1f690
Event: 3148.408 Thread 0x000001bdb377e840 flushing nmethod 0x000001bd9eb41c10
Event: 3148.409 Thread 0x000001bdb377e840 flushing nmethod 0x000001bd9ebb7710
Event: 3148.409 Thread 0x000001bdb377e840 flushing nmethod 0x000001bd9ebce290
Event: 3148.409 Thread 0x000001bdb377e840 flushing nmethod 0x000001bd9ec4d110
Event: 3148.412 Thread 0x000001bdb377e840 flushing nmethod 0x000001bd9ef22090
Event: 3148.413 Thread 0x000001bdb377e840 flushing nmethod 0x000001bd9f035090
Event: 3148.413 Thread 0x000001bdb377e840 flushing nmethod 0x000001bd9f15ac90
Event: 3148.414 Thread 0x000001bdb377e840 flushing nmethod 0x000001bd9f230c90
Event: 3148.415 Thread 0x000001bdb377e840 flushing nmethod 0x000001bd9f2da090
Event: 3148.415 Thread 0x000001bdb377e840 flushing nmethod 0x000001bd9f338310
Event: 3148.415 Thread 0x000001bdb377e840 flushing nmethod 0x000001bd9f37ca10
Event: 3148.535 Thread 0x000001bdb5423730 Thread added: 0x000001bdb5423730


Dynamic libraries:
0x00007ff7c13f0000 - 0x00007ff7c13fe000 	c:\Users\Vicky\.vscode\extensions\redhat.java-1.19.0-win32-x64\jre\17.0.7-win32-x86_64\bin\java.exe
0x00007ffa31e70000 - 0x00007ffa32041000 	C:\Windows\SYSTEM32\ntdll.dll
0x00007ffa31ca0000 - 0x00007ffa31d4b000 	C:\Windows\System32\KERNEL32.DLL
0x00007ffa2e4b0000 - 0x00007ffa2e6cd000 	C:\Windows\System32\KERNELBASE.dll
0x00007ffa2f1e0000 - 0x00007ffa2f2d5000 	C:\Windows\System32\ucrtbase.dll
0x00007ffa15760000 - 0x00007ffa15777000 	c:\Users\Vicky\.vscode\extensions\redhat.java-1.19.0-win32-x64\jre\17.0.7-win32-x86_64\bin\jli.dll
0x00007ffa31170000 - 0x00007ffa312d5000 	C:\Windows\System32\USER32.dll
0x00007ffa2e6d0000 - 0x00007ffa2e6ee000 	C:\Windows\System32\win32u.dll
0x00007ffa318e0000 - 0x00007ffa31914000 	C:\Windows\System32\GDI32.dll
0x00007ffa2f050000 - 0x00007ffa2f1d2000 	C:\Windows\System32\gdi32full.dll
0x00007ffa15740000 - 0x00007ffa15759000 	c:\Users\Vicky\.vscode\extensions\redhat.java-1.19.0-win32-x64\jre\17.0.7-win32-x86_64\bin\VCRUNTIME140.dll
0x00007ffa22b20000 - 0x00007ffa22d99000 	C:\Windows\WinSxS\amd64_microsoft.windows.common-controls_6595b64144ccf1df_6.0.14393.0_none_2d0f50fcbdb171b8\COMCTL32.dll
0x00007ffa31d50000 - 0x00007ffa31dee000 	C:\Windows\System32\msvcrt.dll
0x00007ffa315e0000 - 0x00007ffa318a7000 	C:\Windows\System32\combase.dll
0x00007ffa31b30000 - 0x00007ffa31c51000 	C:\Windows\System32\RPCRT4.dll
0x00007ffa2f390000 - 0x00007ffa2f3fa000 	C:\Windows\System32\bcryptPrimitives.dll
0x00007ffa318b0000 - 0x00007ffa318de000 	C:\Windows\System32\IMM32.DLL
0x00007ffa22850000 - 0x00007ffa2285c000 	c:\Users\Vicky\.vscode\extensions\redhat.java-1.19.0-win32-x64\jre\17.0.7-win32-x86_64\bin\vcruntime140_1.dll
0x00007ffa15560000 - 0x00007ffa155f1000 	c:\Users\Vicky\.vscode\extensions\redhat.java-1.19.0-win32-x64\jre\17.0.7-win32-x86_64\bin\msvcp140.dll
0x00007ffa0ed90000 - 0x00007ffa0f9d8000 	c:\Users\Vicky\.vscode\extensions\redhat.java-1.19.0-win32-x64\jre\17.0.7-win32-x86_64\bin\server\jvm.dll
0x00007ffa31060000 - 0x00007ffa31102000 	C:\Windows\System32\ADVAPI32.dll
0x00007ffa31110000 - 0x00007ffa31169000 	C:\Windows\System32\sechost.dll
0x00007ffa27790000 - 0x00007ffa27799000 	C:\Windows\SYSTEM32\WSOCK32.dll
0x00007ffa2c380000 - 0x00007ffa2c3a3000 	C:\Windows\SYSTEM32\WINMM.dll
0x00007ffa20040000 - 0x00007ffa2004a000 	C:\Windows\SYSTEM32\VERSION.dll
0x00007ffa31920000 - 0x00007ffa3198a000 	C:\Windows\System32\WS2_32.dll
0x00007ffa2c320000 - 0x00007ffa2c34b000 	C:\Windows\SYSTEM32\WINMMBASE.dll
0x00007ffa2f340000 - 0x00007ffa2f382000 	C:\Windows\System32\cfgmgr32.dll
0x00007ffa2e3e0000 - 0x00007ffa2e3ef000 	C:\Windows\System32\kernel.appcore.dll
0x00007ffa20e50000 - 0x00007ffa20e5a000 	c:\Users\Vicky\.vscode\extensions\redhat.java-1.19.0-win32-x64\jre\17.0.7-win32-x86_64\bin\jimage.dll
0x00007ffa20150000 - 0x00007ffa202e2000 	C:\Windows\SYSTEM32\DBGHELP.DLL
0x00007ffa20070000 - 0x00007ffa20099000 	C:\Windows\SYSTEM32\dbgcore.DLL
0x00007ffa29590000 - 0x00007ffa2959e000 	c:\Users\Vicky\.vscode\extensions\redhat.java-1.19.0-win32-x64\jre\17.0.7-win32-x86_64\bin\instrument.dll
0x00007ffa15530000 - 0x00007ffa15555000 	c:\Users\Vicky\.vscode\extensions\redhat.java-1.19.0-win32-x64\jre\17.0.7-win32-x86_64\bin\java.dll
0x00007ffa15510000 - 0x00007ffa15528000 	c:\Users\Vicky\.vscode\extensions\redhat.java-1.19.0-win32-x64\jre\17.0.7-win32-x86_64\bin\zip.dll
0x00007ffa2fa90000 - 0x00007ffa30f98000 	C:\Windows\System32\SHELL32.dll
0x00007ffa2e970000 - 0x00007ffa2f04a000 	C:\Windows\System32\windows.storage.dll
0x00007ffa2e370000 - 0x00007ffa2e3bc000 	C:\Windows\System32\powrprof.dll
0x00007ffa31000000 - 0x00007ffa31052000 	C:\Windows\System32\shlwapi.dll
0x00007ffa2e400000 - 0x00007ffa2e4a9000 	C:\Windows\System32\shcore.dll
0x00007ffa2e3c0000 - 0x00007ffa2e3d4000 	C:\Windows\System32\profapi.dll
0x00007ffa2c790000 - 0x00007ffa2c7a9000 	C:\Users\Vicky\.vscode\extensions\redhat.java-1.19.0-win32-x64\jre\17.0.7-win32-x86_64\bin\net.dll
0x00007ffa28070000 - 0x00007ffa2813c000 	C:\Windows\SYSTEM32\WINHTTP.dll
0x00007ffa2dca0000 - 0x00007ffa2dcfc000 	C:\Windows\system32\mswsock.dll
0x00007ffa293d0000 - 0x00007ffa293e5000 	C:\Users\Vicky\.vscode\extensions\redhat.java-1.19.0-win32-x64\jre\17.0.7-win32-x86_64\bin\nio.dll
0x00007ffa28a00000 - 0x00007ffa28a10000 	c:\Users\Vicky\.vscode\extensions\redhat.java-1.19.0-win32-x64\jre\17.0.7-win32-x86_64\bin\verify.dll
0x00007ffa150c0000 - 0x00007ffa150fe000 	C:\Users\Vicky\AppData\Roaming\Code\User\globalStorage\redhat.java\1.19.0\config_win\org.eclipse.equinox.launcher\org.eclipse.equinox.launcher.win32.win32.x86_64_1.2.700.v20221108-1024\eclipse_11801.dll
0x00007ffa31990000 - 0x00007ffa31ac7000 	C:\Windows\System32\ole32.dll
0x00007ffa2de40000 - 0x00007ffa2de57000 	C:\Windows\SYSTEM32\CRYPTSP.dll
0x00007ffa2d8b0000 - 0x00007ffa2d8e3000 	C:\Windows\system32\rsaenh.dll
0x00007ffa2df50000 - 0x00007ffa2df7b000 	C:\Windows\SYSTEM32\bcrypt.dll
0x00007ffa2db20000 - 0x00007ffa2db3f000 	C:\Windows\SYSTEM32\USERENV.dll
0x00007ffa2de60000 - 0x00007ffa2de6b000 	C:\Windows\SYSTEM32\CRYPTBASE.dll
0x00007ffa2da30000 - 0x00007ffa2da68000 	C:\Windows\SYSTEM32\IPHLPAPI.DLL
0x00007ffa31c80000 - 0x00007ffa31c88000 	C:\Windows\System32\NSI.dll
0x00007ffa28c10000 - 0x00007ffa28c26000 	C:\Windows\SYSTEM32\dhcpcsvc6.DLL
0x00007ffa28be0000 - 0x00007ffa28bfa000 	C:\Windows\SYSTEM32\dhcpcsvc.DLL
0x00007ffa289f0000 - 0x00007ffa289f9000 	C:\Users\Vicky\.vscode\extensions\redhat.java-1.19.0-win32-x64\jre\17.0.7-win32-x86_64\bin\management.dll
0x00007ffa26dd0000 - 0x00007ffa26ddb000 	C:\Users\Vicky\.vscode\extensions\redhat.java-1.19.0-win32-x64\jre\17.0.7-win32-x86_64\bin\management_ext.dll
0x00007ffa31e60000 - 0x00007ffa31e68000 	C:\Windows\System32\PSAPI.DLL
0x00007ffa268f0000 - 0x00007ffa26935000 	C:\Users\Vicky\AppData\Local\Temp\jna-82649438\jna4687057792597676735.dll
0x00007ffa28050000 - 0x00007ffa28065000 	C:\Windows\SYSTEM32\ondemandconnroutehelper.dll
0x00007ffa23160000 - 0x00007ffa2316e000 	C:\Users\Vicky\.vscode\extensions\redhat.java-1.19.0-win32-x64\jre\17.0.7-win32-x86_64\bin\sunmscapi.dll
0x00007ffa2e6f0000 - 0x00007ffa2e8b8000 	C:\Windows\System32\CRYPT32.dll
0x00007ffa2e3f0000 - 0x00007ffa2e400000 	C:\Windows\System32\MSASN1.dll
0x00007ffa2df20000 - 0x00007ffa2df46000 	C:\Windows\SYSTEM32\ncrypt.dll
0x00007ffa2dee0000 - 0x00007ffa2df1b000 	C:\Windows\SYSTEM32\NTASN1.dll
0x00007ffa2da70000 - 0x00007ffa2db10000 	C:\Windows\SYSTEM32\DNSAPI.dll
0x00007ffa27e40000 - 0x00007ffa27e4a000 	C:\Windows\System32\rasadhlp.dll
0x00007ffa28150000 - 0x00007ffa281ba000 	C:\Windows\System32\fwpuclnt.dll

dbghelp: loaded successfully - version: 4.0.5 - missing functions: none
symbol engine: initialized successfully - sym options: 0x614 - pdb path: .;c:\Users\Vicky\.vscode\extensions\redhat.java-1.19.0-win32-x64\jre\17.0.7-win32-x86_64\bin;C:\Windows\SYSTEM32;C:\Windows\WinSxS\amd64_microsoft.windows.common-controls_6595b64144ccf1df_6.0.14393.0_none_2d0f50fcbdb171b8;c:\Users\Vicky\.vscode\extensions\redhat.java-1.19.0-win32-x64\jre\17.0.7-win32-x86_64\bin\server;C:\Users\Vicky\AppData\Roaming\Code\User\globalStorage\redhat.java\1.19.0\config_win\org.eclipse.equinox.launcher\org.eclipse.equinox.launcher.win32.win32.x86_64_1.2.700.v20221108-1024;C:\Users\Vicky\AppData\Local\Temp\jna-82649438

VM Arguments:
jvm_args: --add-modules=ALL-SYSTEM --add-opens=java.base/java.util=ALL-UNNAMED --add-opens=java.base/java.lang=ALL-UNNAMED --add-opens=java.base/sun.nio.fs=ALL-UNNAMED -Declipse.application=org.eclipse.jdt.ls.core.id1 -Dosgi.bundles.defaultStartLevel=4 -Declipse.product=org.eclipse.jdt.ls.core.product -Djava.import.generatesMetadataFilesAtProjectRoot=false -Dfile.encoding=utf8 -XX:+UseParallelGC -XX:GCTimeRatio=4 -XX:AdaptiveSizePolicyWeight=90 -Dsun.zip.disableMemoryMapping=true -Xmx1G -Xms100m -Xlog:disable -javaagent:c:\Users\Vicky\.vscode\extensions\redhat.java-1.19.0-win32-x64\lombok\lombok-1.18.28.jar -XX:+HeapDumpOnOutOfMemoryError -XX:HeapDumpPath=c:\Users\Vicky\AppData\Roaming\Code\User\workspaceStorage\40419dba1bebafe86828993372540b28\redhat.java -Daether.dependencyCollector.impl=bf 
java_command: c:\Users\Vicky\.vscode\extensions\redhat.java-1.19.0-win32-x64\server\plugins\org.eclipse.equinox.launcher_1.6.400.v20210924-0641.jar -configuration c:\Users\Vicky\AppData\Roaming\Code\User\globalStorage\redhat.java\1.19.0\config_win -data c:\Users\Vicky\AppData\Roaming\Code\User\workspaceStorage\40419dba1bebafe86828993372540b28\redhat.java\jdt_ws
java_class_path (initial): c:\Users\Vicky\.vscode\extensions\redhat.java-1.19.0-win32-x64\server\plugins\org.eclipse.equinox.launcher_1.6.400.v20210924-0641.jar
Launcher Type: SUN_STANDARD

[Global flags]
    uintx AdaptiveSizePolicyWeight                 = 90                                        {product} {command line}
     intx CICompilerCount                          = 3                                         {product} {ergonomic}
    uintx GCTimeRatio                              = 4                                         {product} {command line}
     bool HeapDumpOnOutOfMemoryError               = true                                   {manageable} {command line}
    ccstr HeapDumpPath                             = c:\Users\Vicky\AppData\Roaming\Code\User\workspaceStorage\40419dba1bebafe86828993372540b28\redhat.java         {manageable} {command line}
   size_t InitialHeapSize                          = 104857600                                 {product} {command line}
   size_t MaxHeapSize                              = 1073741824                                {product} {command line}
   size_t MaxNewSize                               = 357564416                                 {product} {ergonomic}
   size_t MinHeapDeltaBytes                        = 524288                                    {product} {ergonomic}
   size_t MinHeapSize                              = 104857600                                 {product} {command line}
   size_t NewSize                                  = 34603008                                  {product} {ergonomic}
    uintx NonNMethodCodeHeapSize                   = 5832780                                {pd product} {ergonomic}
    uintx NonProfiledCodeHeapSize                  = 122912730                              {pd product} {ergonomic}
   size_t OldSize                                  = 70254592                                  {product} {ergonomic}
    uintx ProfiledCodeHeapSize                     = 122912730                              {pd product} {ergonomic}
    uintx ReservedCodeCacheSize                    = 251658240                              {pd product} {ergonomic}
     bool SegmentedCodeCache                       = true                                      {product} {ergonomic}
   size_t SoftMaxHeapSize                          = 1073741824                             {manageable} {ergonomic}
     bool UseCompressedClassPointers               = true                           {product lp64_product} {ergonomic}
     bool UseCompressedOops                        = true                           {product lp64_product} {ergonomic}
     bool UseLargePagesIndividualAllocation        = false                                  {pd product} {ergonomic}
     bool UseParallelGC                            = true                                      {product} {command line}

Logging:
Log output configuration:
 #0: stdout all=off uptime,level,tags
 #1: stderr all=off uptime,level,tags

Environment Variables:
JAVA_HOME=C:\Program Files\Java\jdk-19
PATH=C:\Program Files\Java\jdk-19\bin;C:\ProgramData\Oracle\Java\javapath;C:\Program Files\apache-maven-3.9.1\bin;C:\Program Files\Common Files\Oracle\Java\javapath;C:\Program Files (x86)\Common Files\Oracle\Java\javapath;C:\Windows\system32;C:\Windows;C:\Windows\System32\Wbem;C:\Windows\System32\WindowsPowerShell\v1.0\;C:\Program Files\PowerShell\7\;C:\msys64\mingw64\bin;C:\Program Files\Git\cmd;C:\Users\Vicky\.cargo\bin;C:\Users\Vicky\AppData\Local\Microsoft\WindowsApps;C:\Users\Vicky\AppData\Local\Programs\Microsoft VS Code\bin;C:\Program Files\Java\jdk-19\bin;C:\Program Files\Docker Toolbox
USERNAME=Vicky
OS=Windows_NT
PROCESSOR_IDENTIFIER=Intel64 Family 6 Model 42 Stepping 7, GenuineIntel
TMP=C:\Users\Vicky\AppData\Local\Temp
TEMP=C:\Users\Vicky\AppData\Local\Temp



---------------  S Y S T E M  ---------------

OS:
 Windows 10 , 64 bit Build 14393 (10.0.14393.0)
OS uptime: 0 days 0:55 hours

CPU: total 4 (initial active 4) (2 cores per cpu, 2 threads per core) family 6 model 42 stepping 7 microcode 0x29, cx8, cmov, fxsr, ht, mmx, sse, sse2, sse3, ssse3, sse4.1, sse4.2, popcnt, tsc, tscinvbit, avx, aes, clmul, vzeroupper, clflush

Memory: 4k page, system-wide physical 3976M (635M free)
TotalPageFile size 6152M (AvailPageFile size 1653M)
current process WorkingSet (physical memory assigned to process): 444M, peak: 801M
current process commit charge ("private bytes"): 594M, peak: 739M

vm_info: OpenJDK 64-Bit Server VM (17.0.7+7) for windows-amd64 JRE (17.0.7+7), built on Apr 18 2023 22:10:42 by "temurin" with MS VC++ 16.7 (VS2019)

END.
